2013-07-17 14:59:19 | ::1 | /miso/index.php |default/indexController.php 控制器类不存在
2013-07-17 15:01:49 | ::1 | /miso/index.php |default/indexController.php 控制器类不存在
2013-07-17 15:05:17 | ::1 | /miso/index.php |icon/indexController.php 控制器类不存在
2013-07-17 15:10:40 | ::1 | /miso/index.php |icon/indexController.php 控制器类不存在
2013-07-17 15:16:13 | ::1 | /miso/index.php |icon/indexController.php 控制器类不存在
2013-07-17 15:16:23 | ::1 | /miso/index.php |icon/indexController.php 控制器类不存在
2013-07-17 15:24:32 | ::1 | /miso/index.php |icon/indexController.php 控制器类不存在
2013-07-17 15:24:33 | ::1 | /miso/index.php |icon/indexController.php 控制器类不存在
2013-07-17 15:25:10 | ::1 | /miso/index.php |icon/indexController.php 控制器类不存在
2013-07-17 15:25:16 | ::1 | /miso/index.php |icon/indexController.php 控制器类不存在
2013-07-17 15:26:42 | ::1 | /miso/index.php |icon/indexController.php 控制器类不存在
2013-07-17 15:30:14 | ::1 | /miso/index.php |icon/indexController.php 控制器类不存在
2013-07-17 15:31:02 | ::1 | /miso/index.php |icon/indexController.php 控制器类不存在
2013-07-17 15:31:06 | ::1 | /miso/index.php |icon/indexController.php 控制器类不存在
2013-07-17 15:34:03 | ::1 | /miso/index.php |icon/indexController.php 控制器类不存在
2013-07-17 15:35:42 | ::1 | /miso/index.php |icon/indexController.php 控制器类不存在
2013-07-17 15:36:20 | ::1 | /miso/index.php |icon/indexController.php 控制器类不存在
2013-07-17 15:36:21 | ::1 | /miso/index.php |default/searchController.php 控制器类不存在
2013-07-17 15:37:47 | ::1 | /miso/index.php |icon/indexController.php 控制器类不存在
2013-07-17 15:37:55 | ::1 | /miso/index.php |icon/indexController.php 控制器类不存在
2013-07-17 15:37:58 | ::1 | /miso/index.php |icon/indexController.php 控制器类不存在
2013-07-17 15:38:00 | ::1 | /miso/index.php |icon/indexController.php 控制器类不存在
2013-07-17 15:38:42 | ::1 | /miso/index.php |icon/indexController.php 控制器类不存在
2013-07-17 15:38:47 | ::1 | /miso/index.php |icon/indexController.php 控制器类不存在
2013-07-17 15:51:30 | ::1 | /miso/index.php |icon/indexController.php 控制器类不存在
2013-07-17 15:56:20 | ::1 | /miso/index.php |icon/indexController.php 控制器类不存在
2013-07-17 15:56:21 | ::1 | /miso/index.php |icon/indexController.php 控制器类不存在
2013-07-17 15:58:22 | ::1 | /miso/index.php |icon/indexController.php 控制器类不存在
2013-07-17 15:58:23 | ::1 | /miso/index.php |icon/indexController.php 控制器类不存在
2013-07-17 16:01:21 | ::1 | /miso/index.php |icon/indexController.php 控制器类不存在
2013-07-17 16:01:37 | ::1 | /miso/index.php |icon/indexController.php 控制器类不存在
2013-07-17 16:01:37 | ::1 | /miso/index.php |icon/indexController.php 控制器类不存在
2013-07-17 16:01:50 | ::1 | /miso/index.php |icon/indexController.php 控制器类不存在
2013-07-17 16:04:14 | ::1 | /miso/index.php |E:\apache\miso\protected/apps/default/view/html/header.html模板文件不存在
2013-07-17 16:04:15 | ::1 | /miso/index.php |E:\apache\miso\protected/apps/default/view/html/header.html模板文件不存在
2013-07-17 16:10:13 | ::1 | /miso/index.php |icon/indexController.php 控制器类不存在
2013-07-17 16:10:36 | ::1 | /miso/index.php |E:\apache\miso\protected/apps/default/view/html/header.html模板文件不存在
2013-07-17 16:10:38 | ::1 | /miso/index.php |E:\apache\miso\protected/apps/default/view/html/header.html模板文件不存在
2013-07-17 16:14:28 | ::1 | /miso/index.php |icon/indexController.php 控制器类不存在
2013-07-17 16:15:09 | ::1 | /miso/index.php |icon/indexController.php 控制器类不存在
2013-07-17 16:15:09 | ::1 | /miso/index.php |icon/indexController.php 控制器类不存在
2013-07-17 16:15:48 | ::1 | /miso/index.php |icon/indexController.php 控制器类不存在
2013-07-17 16:15:49 | ::1 | /miso/index.php |icon/indexController.php 控制器类不存在
2013-07-17 16:15:52 | ::1 | /miso/index.php |icon/indexController.php 控制器类不存在
2013-07-17 16:16:59 | ::1 | /miso/index.php |E:\apache\miso\protected/apps/default/view/html/header.html模板文件不存在
2013-07-17 16:20:00 | ::1 | /miso/index.php |E:\apache\miso\protected/apps/default/view/html/header.html模板文件不存在
2013-07-17 16:25:41 | ::1 | /miso/index.php |E:\apache\miso\protected/apps/default/view/html/header.html模板文件不存在
2013-07-17 16:29:30 | ::1 | /miso/index.php |E:\apache\miso\protected/apps/default/view/html/header.html模板文件不存在
2013-07-17 16:31:37 | ::1 | /miso/index.php |E:\apache\miso\protected/apps/default/view/html/header.html模板文件不存在
2013-07-17 16:31:42 | ::1 | /miso/index.php |E:\apache\miso\protected/apps/default/view/html/header.html模板文件不存在
2013-07-17 16:31:43 | ::1 | /miso/index.php |E:\apache\miso\protected/apps/default/view/html/header.html模板文件不存在
2013-07-17 16:31:44 | ::1 | /miso/index.php |E:\apache\miso\protected/apps/default/view/html/header.html模板文件不存在
2013-07-17 16:31:44 | ::1 | /miso/index.php |E:\apache\miso\protected/apps/default/view/html/header.html模板文件不存在
2013-07-17 16:31:44 | ::1 | /miso/index.php |E:\apache\miso\protected/apps/default/view/html/header.html模板文件不存在
2013-07-17 16:31:44 | ::1 | /miso/index.php |E:\apache\miso\protected/apps/default/view/html/header.html模板文件不存在
2013-07-17 16:31:48 | ::1 | /miso/index.php |E:\apache\miso\protected/apps/default/view/html/header.html模板文件不存在
2013-07-17 16:31:52 | ::1 | /miso/index.php |E:\apache\miso\protected/apps/default/view/html/header.html模板文件不存在
2013-07-17 16:33:45 | ::1 | /miso/index.php |E:\apache\miso\protected/apps/default/view/html/header.html模板文件不存在
2013-07-17 16:35:23 | ::1 | /miso/index.php |E:\apache\miso\protected/apps/default/view/html/header.html模板文件不存在
2013-07-17 17:00:33 | ::1 | /miso/index.php |default/hadsearchController.php 控制器类不存在
2013-07-17 17:00:36 | ::1 | /miso/index.php |default/hadsearchController.php 控制器类不存在
2013-07-17 17:00:37 | ::1 | /miso/index.php |default/hadsearchController.php 控制器类不存在
2013-07-17 17:00:38 | ::1 | /miso/index.php |default/hadsearchController.php 控制器类不存在
2013-07-17 17:00:39 | ::1 | /miso/index.php |default/hadsearchController.php 控制器类不存在
2013-07-17 17:00:39 | ::1 | /miso/index.php |default/hadsearchController.php 控制器类不存在
2013-07-17 17:00:40 | ::1 | /miso/index.php |default/hadsearchController.php 控制器类不存在
2013-07-17 17:00:40 | ::1 | /miso/index.php |default/hadsearchController.php 控制器类不存在
2013-07-17 17:02:10 | ::1 | /miso/index.php |default/hadsearchController.php 控制器类不存在
2013-07-17 17:04:06 | ::1 | /miso/index.php |default/hadsearchController.php 控制器类不存在
2013-07-17 17:14:48 | ::1 | /miso/index.php |default/indexController.php的home() 方法不存在
2013-07-17 17:14:49 | ::1 | /miso/index.php |default/indexController.php的home() 方法不存在
2013-07-17 17:14:50 | ::1 | /miso/index.php |default/indexController.php的home() 方法不存在
2013-07-17 17:15:01 | ::1 | /miso/index.php |default/indexController.php的home() 方法不存在
2013-07-17 17:15:49 | ::1 | /miso/index.php |default/indexController.php的lists() 方法不存在
2013-07-17 17:15:51 | ::1 | /miso/index.php |default/indexController.php的lists() 方法不存在
2013-07-17 17:15:52 | ::1 | /miso/index.php |default/indexController.php的lists() 方法不存在
2013-07-17 17:16:07 | ::1 | /miso/index.php |default/indexController.php的lists() 方法不存在
2013-07-17 17:16:07 | ::1 | /miso/index.php |default/indexController.php的lists() 方法不存在
2013-07-17 17:16:09 | ::1 | /miso/index.php |default/indexController.php的lists() 方法不存在
2013-07-17 17:16:13 | ::1 | /miso/index.php |default/indexController.php的lists() 方法不存在
2013-07-17 17:16:13 | ::1 | /miso/index.php |default/indexController.php的lists() 方法不存在
2013-07-17 17:16:31 | ::1 | /miso/index.php |default/goodsModel.php 模型类不存在
2013-07-17 17:29:50 | ::1 | /miso/index.php |default/goodsModel.php 模型类不存在
2013-07-17 17:30:04 | ::1 | /miso/index.php |default/goodsModel.php 模型类不存在
2013-07-17 17:45:37 | ::1 | /miso/index.php |default/goodsModel.php 模型类不存在
2013-07-17 17:47:04 | ::1 | /miso/index.php |default/goodsModel.php 模型类不存在
2013-07-17 18:05:25 | ::1 | /miso/index.php |default/goodsController.php 控制器类不存在
2013-07-17 18:05:54 | ::1 | /miso/index.php |default/goodsController.php 控制器类不存在
2013-07-17 18:07:11 | ::1 | /miso/index.php |default/goodsController.php 控制器类不存在
2013-07-17 18:07:14 | ::1 | /miso/index.php |default/goodsController.php 控制器类不存在
2013-07-17 18:24:25 | ::1 | /miso/index.php |default/goodsController.php 控制器类不存在
2013-07-17 18:25:33 | ::1 | /miso/index.php |default/goodsController.php 控制器类不存在
2013-07-17 18:27:44 | ::1 | /miso/index.php |default/goodsController.php 控制器类不存在
2013-07-17 18:28:40 | ::1 | /miso/index.php |default/goodsController.php 控制器类不存在
2013-07-17 18:46:17 | ::1 | /miso/index.php |default/order_goodsModel.php 模型类不存在
2013-07-17 18:46:19 | ::1 | /miso/index.php |default/order_goodsModel.php 模型类不存在
2013-07-17 18:49:40 | ::1 | /miso/index.php |default/order_goodsModel.php 模型类不存在
2013-07-17 19:01:16 | ::1 | /miso/index.php |default/order_goodsModel.php 模型类不存在
2013-07-17 19:01:28 | ::1 | /miso/index.php |default/order_goodsModel.php 模型类不存在
